[2024-10-31 17:18:38] local.ERROR: require(C:\Midterm Lab Exam\Front-End-Midterm-Lab-Exam\routes/api.php): Failed to open stream: No such file or directory {"exception":"[object] (ErrorException(code: 0): require(C:\\Midterm Lab Exam\\Front-End-Midterm-Lab-Exam\\routes/api.php): Failed to open stream: No such file or directory at C:\\Midterm Lab Exam\\Front-End-Midterm-Lab-Exam\\vendor\\laravel\\framework\\src\\Illuminate\\Routing\\RouteFileRegistrar.php:35)
[stacktrace]
#0 C:\\Midterm Lab Exam\\Front-End-Midterm-Lab-Exam\\vendor\\laravel\\framework\\src\\Illuminate\\Foundation\\Bootstrap\\HandleExceptions.php(270): Illuminate\\Foundation\\Bootstrap\\HandleExceptions->handleError()
#1 C:\\Midterm Lab Exam\\Front-End-Midterm-Lab-Exam\\vendor\\laravel\\framework\\src\\Illuminate\\Routing\\RouteFileRegistrar.php(35): Illuminate\\Foundation\\Bootstrap\\HandleExceptions->Illuminate\\Foundation\\Bootstrap\\{closure}()
#2 C:\\Midterm Lab Exam\\Front-End-Midterm-Lab-Exam\\vendor\\laravel\\framework\\src\\Illuminate\\Routing\\RouteFileRegistrar.php(35): require('...')
#3 C:\\Midterm Lab Exam\\Front-End-Midterm-Lab-Exam\\vendor\\laravel\\framework\\src\\Illuminate\\Routing\\Router.php(503): Illuminate\\Routing\\RouteFileRegistrar->register()
#4 C:\\Midterm Lab Exam\\Front-End-Midterm-Lab-Exam\\vendor\\laravel\\framework\\src\\Illuminate\\Routing\\Router.php(457): Illuminate\\Routing\\Router->loadRoutes()
#5 C:\\Midterm Lab Exam\\Front-End-Midterm-Lab-Exam\\vendor\\laravel\\framework\\src\\Illuminate\\Routing\\RouteRegistrar.php(192): Illuminate\\Routing\\Router->group()
#6 C:\\Midterm Lab Exam\\Front-End-Midterm-Lab-Exam\\app\\Providers\\RouteServiceProvider.php(34): Illuminate\\Routing\\RouteRegistrar->group()
#7 C:\\Midterm Lab Exam\\Front-End-Midterm-Lab-Exam\\vendor\\laravel\\framework\\src\\Illuminate\\Container\\BoundMethod.php(36): App\\Providers\\RouteServiceProvider->App\\Providers\\{closure}()
#8 C:\\Midterm Lab Exam\\Front-End-Midterm-Lab-Exam\\vendor\\laravel\\framework\\src\\Illuminate\\Container\\Util.php(41): Illuminate\\Container\\BoundMethod::Illuminate\\Container\\{closure}()
#9 C:\\Midterm Lab Exam\\Front-End-Midterm-Lab-Exam\\vendor\\laravel\\framework\\src\\Illuminate\\Container\\BoundMethod.php(81): Illuminate\\Container\\Util::unwrapIfClosure()
#10 C:\\Midterm Lab Exam\\Front-End-Midterm-Lab-Exam\\vendor\\laravel\\framework\\src\\Illuminate\\Container\\BoundMethod.php(35): Illuminate\\Container\\BoundMethod::callBoundMethod()
#11 C:\\Midterm Lab Exam\\Front-End-Midterm-Lab-Exam\\vendor\\laravel\\framework\\src\\Illuminate\\Container\\Container.php(661): Illuminate\\Container\\BoundMethod::call()
#12 C:\\Midterm Lab Exam\\Front-End-Midterm-Lab-Exam\\vendor\\laravel\\framework\\src\\Illuminate\\Foundation\\Support\\Providers\\RouteServiceProvider.php(120): Illuminate\\Container\\Container->call()
#13 C:\\Midterm Lab Exam\\Front-End-Midterm-Lab-Exam\\vendor\\laravel\\framework\\src\\Illuminate\\Foundation\\Support\\Providers\\RouteServiceProvider.php(45): Illuminate\\Foundation\\Support\\Providers\\RouteServiceProvider->loadRoutes()
#14 C:\\Midterm Lab Exam\\Front-End-Midterm-Lab-Exam\\vendor\\laravel\\framework\\src\\Illuminate\\Container\\BoundMethod.php(36): Illuminate\\Foundation\\Support\\Providers\\RouteServiceProvider->Illuminate\\Foundation\\Support\\Providers\\{closure}()
#15 C:\\Midterm Lab Exam\\Front-End-Midterm-Lab-Exam\\vendor\\laravel\\framework\\src\\Illuminate\\Container\\Util.php(41): Illuminate\\Container\\BoundMethod::Illuminate\\Container\\{closure}()
#16 C:\\Midterm Lab Exam\\Front-End-Midterm-Lab-Exam\\vendor\\laravel\\framework\\src\\Illuminate\\Container\\BoundMethod.php(81): Illuminate\\Container\\Util::unwrapIfClosure()
#17 C:\\Midterm Lab Exam\\Front-End-Midterm-Lab-Exam\\vendor\\laravel\\framework\\src\\Illuminate\\Container\\BoundMethod.php(35): Illuminate\\Container\\BoundMethod::callBoundMethod()
#18 C:\\Midterm Lab Exam\\Front-End-Midterm-Lab-Exam\\vendor\\laravel\\framework\\src\\Illuminate\\Container\\Container.php(661): Illuminate\\Container\\BoundMethod::call()
#19 C:\\Midterm Lab Exam\\Front-End-Midterm-Lab-Exam\\vendor\\laravel\\framework\\src\\Illuminate\\Support\\ServiceProvider.php(119): Illuminate\\Container\\Container->call()
#20 C:\\Midterm Lab Exam\\Front-End-Midterm-Lab-Exam\\vendor\\laravel\\framework\\src\\Illuminate\\Foundation\\Application.php(932): Illuminate\\Support\\ServiceProvider->callBootedCallbacks()
#21 C:\\Midterm Lab Exam\\Front-End-Midterm-Lab-Exam\\vendor\\laravel\\framework\\src\\Illuminate\\Foundation\\Application.php(910): Illuminate\\Foundation\\Application->bootProvider()
#22 [internal function]: Illuminate\\Foundation\\Application->Illuminate\\Foundation\\{closure}()
#23 C:\\Midterm Lab Exam\\Front-End-Midterm-Lab-Exam\\vendor\\laravel\\framework\\src\\Illuminate\\Foundation\\Application.php(909): array_walk()
#24 C:\\Midterm Lab Exam\\Front-End-Midterm-Lab-Exam\\vendor\\laravel\\framework\\src\\Illuminate\\Foundation\\Bootstrap\\BootProviders.php(17): Illuminate\\Foundation\\Application->boot()
#25 C:\\Midterm Lab Exam\\Front-End-Midterm-Lab-Exam\\vendor\\laravel\\framework\\src\\Illuminate\\Foundation\\Application.php(242): Illuminate\\Foundation\\Bootstrap\\BootProviders->bootstrap()
#26 C:\\Midterm Lab Exam\\Front-End-Midterm-Lab-Exam\\vendor\\laravel\\framework\\src\\Illuminate\\Foundation\\Console\\Kernel.php(383): Illuminate\\Foundation\\Application->bootstrapWith()
#27 C:\\Midterm Lab Exam\\Front-End-Midterm-Lab-Exam\\vendor\\laravel\\framework\\src\\Illuminate\\Foundation\\Console\\Kernel.php(153): Illuminate\\Foundation\\Console\\Kernel->bootstrap()
#28 Command line code(1): Illuminate\\Foundation\\Console\\Kernel->handle()
#29 {main}
"} 
[2024-10-31 17:19:16] local.ERROR: require(C:\Midterm Lab Exam\Front-End-Midterm-Lab-Exam\routes/api.php): Failed to open stream: No such file or directory {"exception":"[object] (ErrorException(code: 0): require(C:\\Midterm Lab Exam\\Front-End-Midterm-Lab-Exam\\routes/api.php): Failed to open stream: No such file or directory at C:\\Midterm Lab Exam\\Front-End-Midterm-Lab-Exam\\vendor\\laravel\\framework\\src\\Illuminate\\Routing\\RouteFileRegistrar.php:35)
[stacktrace]
#0 C:\\Midterm Lab Exam\\Front-End-Midterm-Lab-Exam\\vendor\\laravel\\framework\\src\\Illuminate\\Foundation\\Bootstrap\\HandleExceptions.php(270): Illuminate\\Foundation\\Bootstrap\\HandleExceptions->handleError()
#1 C:\\Midterm Lab Exam\\Front-End-Midterm-Lab-Exam\\vendor\\laravel\\framework\\src\\Illuminate\\Routing\\RouteFileRegistrar.php(35): Illuminate\\Foundation\\Bootstrap\\HandleExceptions->Illuminate\\Foundation\\Bootstrap\\{closure}()
#2 C:\\Midterm Lab Exam\\Front-End-Midterm-Lab-Exam\\vendor\\laravel\\framework\\src\\Illuminate\\Routing\\RouteFileRegistrar.php(35): require('...')
#3 C:\\Midterm Lab Exam\\Front-End-Midterm-Lab-Exam\\vendor\\laravel\\framework\\src\\Illuminate\\Routing\\Router.php(503): Illuminate\\Routing\\RouteFileRegistrar->register()
#4 C:\\Midterm Lab Exam\\Front-End-Midterm-Lab-Exam\\vendor\\laravel\\framework\\src\\Illuminate\\Routing\\Router.php(457): Illuminate\\Routing\\Router->loadRoutes()
#5 C:\\Midterm Lab Exam\\Front-End-Midterm-Lab-Exam\\vendor\\laravel\\framework\\src\\Illuminate\\Routing\\RouteRegistrar.php(192): Illuminate\\Routing\\Router->group()
#6 C:\\Midterm Lab Exam\\Front-End-Midterm-Lab-Exam\\app\\Providers\\RouteServiceProvider.php(34): Illuminate\\Routing\\RouteRegistrar->group()
#7 C:\\Midterm Lab Exam\\Front-End-Midterm-Lab-Exam\\vendor\\laravel\\framework\\src\\Illuminate\\Container\\BoundMethod.php(36): App\\Providers\\RouteServiceProvider->App\\Providers\\{closure}()
#8 C:\\Midterm Lab Exam\\Front-End-Midterm-Lab-Exam\\vendor\\laravel\\framework\\src\\Illuminate\\Container\\Util.php(41): Illuminate\\Container\\BoundMethod::Illuminate\\Container\\{closure}()
#9 C:\\Midterm Lab Exam\\Front-End-Midterm-Lab-Exam\\vendor\\laravel\\framework\\src\\Illuminate\\Container\\BoundMethod.php(81): Illuminate\\Container\\Util::unwrapIfClosure()
#10 C:\\Midterm Lab Exam\\Front-End-Midterm-Lab-Exam\\vendor\\laravel\\framework\\src\\Illuminate\\Container\\BoundMethod.php(35): Illuminate\\Container\\BoundMethod::callBoundMethod()
#11 C:\\Midterm Lab Exam\\Front-End-Midterm-Lab-Exam\\vendor\\laravel\\framework\\src\\Illuminate\\Container\\Container.php(661): Illuminate\\Container\\BoundMethod::call()
#12 C:\\Midterm Lab Exam\\Front-End-Midterm-Lab-Exam\\vendor\\laravel\\framework\\src\\Illuminate\\Foundation\\Support\\Providers\\RouteServiceProvider.php(120): Illuminate\\Container\\Container->call()
#13 C:\\Midterm Lab Exam\\Front-End-Midterm-Lab-Exam\\vendor\\laravel\\framework\\src\\Illuminate\\Foundation\\Support\\Providers\\RouteServiceProvider.php(45): Illuminate\\Foundation\\Support\\Providers\\RouteServiceProvider->loadRoutes()
#14 C:\\Midterm Lab Exam\\Front-End-Midterm-Lab-Exam\\vendor\\laravel\\framework\\src\\Illuminate\\Container\\BoundMethod.php(36): Illuminate\\Foundation\\Support\\Providers\\RouteServiceProvider->Illuminate\\Foundation\\Support\\Providers\\{closure}()
#15 C:\\Midterm Lab Exam\\Front-End-Midterm-Lab-Exam\\vendor\\laravel\\framework\\src\\Illuminate\\Container\\Util.php(41): Illuminate\\Container\\BoundMethod::Illuminate\\Container\\{closure}()
#16 C:\\Midterm Lab Exam\\Front-End-Midterm-Lab-Exam\\vendor\\laravel\\framework\\src\\Illuminate\\Container\\BoundMethod.php(81): Illuminate\\Container\\Util::unwrapIfClosure()
#17 C:\\Midterm Lab Exam\\Front-End-Midterm-Lab-Exam\\vendor\\laravel\\framework\\src\\Illuminate\\Container\\BoundMethod.php(35): Illuminate\\Container\\BoundMethod::callBoundMethod()
#18 C:\\Midterm Lab Exam\\Front-End-Midterm-Lab-Exam\\vendor\\laravel\\framework\\src\\Illuminate\\Container\\Container.php(661): Illuminate\\Container\\BoundMethod::call()
#19 C:\\Midterm Lab Exam\\Front-End-Midterm-Lab-Exam\\vendor\\laravel\\framework\\src\\Illuminate\\Support\\ServiceProvider.php(119): Illuminate\\Container\\Container->call()
#20 C:\\Midterm Lab Exam\\Front-End-Midterm-Lab-Exam\\vendor\\laravel\\framework\\src\\Illuminate\\Foundation\\Application.php(932): Illuminate\\Support\\ServiceProvider->callBootedCallbacks()
#21 C:\\Midterm Lab Exam\\Front-End-Midterm-Lab-Exam\\vendor\\laravel\\framework\\src\\Illuminate\\Foundation\\Application.php(910): Illuminate\\Foundation\\Application->bootProvider()
#22 [internal function]: Illuminate\\Foundation\\Application->Illuminate\\Foundation\\{closure}()
#23 C:\\Midterm Lab Exam\\Front-End-Midterm-Lab-Exam\\vendor\\laravel\\framework\\src\\Illuminate\\Foundation\\Application.php(909): array_walk()
#24 C:\\Midterm Lab Exam\\Front-End-Midterm-Lab-Exam\\vendor\\laravel\\framework\\src\\Illuminate\\Foundation\\Bootstrap\\BootProviders.php(17): Illuminate\\Foundation\\Application->boot()
#25 C:\\Midterm Lab Exam\\Front-End-Midterm-Lab-Exam\\vendor\\laravel\\framework\\src\\Illuminate\\Foundation\\Application.php(242): Illuminate\\Foundation\\Bootstrap\\BootProviders->bootstrap()
#26 C:\\Midterm Lab Exam\\Front-End-Midterm-Lab-Exam\\vendor\\laravel\\framework\\src\\Illuminate\\Foundation\\Console\\Kernel.php(383): Illuminate\\Foundation\\Application->bootstrapWith()
#27 C:\\Midterm Lab Exam\\Front-End-Midterm-Lab-Exam\\vendor\\laravel\\framework\\src\\Illuminate\\Foundation\\Console\\Kernel.php(153): Illuminate\\Foundation\\Console\\Kernel->bootstrap()
#28 C:\\Midterm Lab Exam\\Front-End-Midterm-Lab-Exam\\artisan(35): Illuminate\\Foundation\\Console\\Kernel->handle()
#29 {main}
"} 
[2024-10-31 17:19:21] local.ERROR: require(C:\Midterm Lab Exam\Front-End-Midterm-Lab-Exam\routes/api.php): Failed to open stream: No such file or directory {"exception":"[object] (ErrorException(code: 0): require(C:\\Midterm Lab Exam\\Front-End-Midterm-Lab-Exam\\routes/api.php): Failed to open stream: No such file or directory at C:\\Midterm Lab Exam\\Front-End-Midterm-Lab-Exam\\vendor\\laravel\\framework\\src\\Illuminate\\Routing\\RouteFileRegistrar.php:35)
[stacktrace]
#0 C:\\Midterm Lab Exam\\Front-End-Midterm-Lab-Exam\\vendor\\laravel\\framework\\src\\Illuminate\\Foundation\\Bootstrap\\HandleExceptions.php(270): Illuminate\\Foundation\\Bootstrap\\HandleExceptions->handleError()
#1 C:\\Midterm Lab Exam\\Front-End-Midterm-Lab-Exam\\vendor\\laravel\\framework\\src\\Illuminate\\Routing\\RouteFileRegistrar.php(35): Illuminate\\Foundation\\Bootstrap\\HandleExceptions->Illuminate\\Foundation\\Bootstrap\\{closure}()
#2 C:\\Midterm Lab Exam\\Front-End-Midterm-Lab-Exam\\vendor\\laravel\\framework\\src\\Illuminate\\Routing\\RouteFileRegistrar.php(35): require('...')
#3 C:\\Midterm Lab Exam\\Front-End-Midterm-Lab-Exam\\vendor\\laravel\\framework\\src\\Illuminate\\Routing\\Router.php(503): Illuminate\\Routing\\RouteFileRegistrar->register()
#4 C:\\Midterm Lab Exam\\Front-End-Midterm-Lab-Exam\\vendor\\laravel\\framework\\src\\Illuminate\\Routing\\Router.php(457): Illuminate\\Routing\\Router->loadRoutes()
#5 C:\\Midterm Lab Exam\\Front-End-Midterm-Lab-Exam\\vendor\\laravel\\framework\\src\\Illuminate\\Routing\\RouteRegistrar.php(192): Illuminate\\Routing\\Router->group()
#6 C:\\Midterm Lab Exam\\Front-End-Midterm-Lab-Exam\\app\\Providers\\RouteServiceProvider.php(34): Illuminate\\Routing\\RouteRegistrar->group()
#7 C:\\Midterm Lab Exam\\Front-End-Midterm-Lab-Exam\\vendor\\laravel\\framework\\src\\Illuminate\\Container\\BoundMethod.php(36): App\\Providers\\RouteServiceProvider->App\\Providers\\{closure}()
#8 C:\\Midterm Lab Exam\\Front-End-Midterm-Lab-Exam\\vendor\\laravel\\framework\\src\\Illuminate\\Container\\Util.php(41): Illuminate\\Container\\BoundMethod::Illuminate\\Container\\{closure}()
#9 C:\\Midterm Lab Exam\\Front-End-Midterm-Lab-Exam\\vendor\\laravel\\framework\\src\\Illuminate\\Container\\BoundMethod.php(81): Illuminate\\Container\\Util::unwrapIfClosure()
#10 C:\\Midterm Lab Exam\\Front-End-Midterm-Lab-Exam\\vendor\\laravel\\framework\\src\\Illuminate\\Container\\BoundMethod.php(35): Illuminate\\Container\\BoundMethod::callBoundMethod()
#11 C:\\Midterm Lab Exam\\Front-End-Midterm-Lab-Exam\\vendor\\laravel\\framework\\src\\Illuminate\\Container\\Container.php(661): Illuminate\\Container\\BoundMethod::call()
#12 C:\\Midterm Lab Exam\\Front-End-Midterm-Lab-Exam\\vendor\\laravel\\framework\\src\\Illuminate\\Foundation\\Support\\Providers\\RouteServiceProvider.php(120): Illuminate\\Container\\Container->call()
#13 C:\\Midterm Lab Exam\\Front-End-Midterm-Lab-Exam\\vendor\\laravel\\framework\\src\\Illuminate\\Foundation\\Support\\Providers\\RouteServiceProvider.php(45): Illuminate\\Foundation\\Support\\Providers\\RouteServiceProvider->loadRoutes()
#14 C:\\Midterm Lab Exam\\Front-End-Midterm-Lab-Exam\\vendor\\laravel\\framework\\src\\Illuminate\\Container\\BoundMethod.php(36): Illuminate\\Foundation\\Support\\Providers\\RouteServiceProvider->Illuminate\\Foundation\\Support\\Providers\\{closure}()
#15 C:\\Midterm Lab Exam\\Front-End-Midterm-Lab-Exam\\vendor\\laravel\\framework\\src\\Illuminate\\Container\\Util.php(41): Illuminate\\Container\\BoundMethod::Illuminate\\Container\\{closure}()
#16 C:\\Midterm Lab Exam\\Front-End-Midterm-Lab-Exam\\vendor\\laravel\\framework\\src\\Illuminate\\Container\\BoundMethod.php(81): Illuminate\\Container\\Util::unwrapIfClosure()
#17 C:\\Midterm Lab Exam\\Front-End-Midterm-Lab-Exam\\vendor\\laravel\\framework\\src\\Illuminate\\Container\\BoundMethod.php(35): Illuminate\\Container\\BoundMethod::callBoundMethod()
#18 C:\\Midterm Lab Exam\\Front-End-Midterm-Lab-Exam\\vendor\\laravel\\framework\\src\\Illuminate\\Container\\Container.php(661): Illuminate\\Container\\BoundMethod::call()
#19 C:\\Midterm Lab Exam\\Front-End-Midterm-Lab-Exam\\vendor\\laravel\\framework\\src\\Illuminate\\Support\\ServiceProvider.php(119): Illuminate\\Container\\Container->call()
#20 C:\\Midterm Lab Exam\\Front-End-Midterm-Lab-Exam\\vendor\\laravel\\framework\\src\\Illuminate\\Foundation\\Application.php(932): Illuminate\\Support\\ServiceProvider->callBootedCallbacks()
#21 C:\\Midterm Lab Exam\\Front-End-Midterm-Lab-Exam\\vendor\\laravel\\framework\\src\\Illuminate\\Foundation\\Application.php(910): Illuminate\\Foundation\\Application->bootProvider()
#22 [internal function]: Illuminate\\Foundation\\Application->Illuminate\\Foundation\\{closure}()
#23 C:\\Midterm Lab Exam\\Front-End-Midterm-Lab-Exam\\vendor\\laravel\\framework\\src\\Illuminate\\Foundation\\Application.php(909): array_walk()
#24 C:\\Midterm Lab Exam\\Front-End-Midterm-Lab-Exam\\vendor\\laravel\\framework\\src\\Illuminate\\Foundation\\Bootstrap\\BootProviders.php(17): Illuminate\\Foundation\\Application->boot()
#25 C:\\Midterm Lab Exam\\Front-End-Midterm-Lab-Exam\\vendor\\laravel\\framework\\src\\Illuminate\\Foundation\\Application.php(242): Illuminate\\Foundation\\Bootstrap\\BootProviders->bootstrap()
#26 C:\\Midterm Lab Exam\\Front-End-Midterm-Lab-Exam\\vendor\\laravel\\framework\\src\\Illuminate\\Foundation\\Console\\Kernel.php(383): Illuminate\\Foundation\\Application->bootstrapWith()
#27 C:\\Midterm Lab Exam\\Front-End-Midterm-Lab-Exam\\vendor\\laravel\\framework\\src\\Illuminate\\Foundation\\Console\\Kernel.php(153): Illuminate\\Foundation\\Console\\Kernel->bootstrap()
#28 Command line code(1): Illuminate\\Foundation\\Console\\Kernel->handle()
#29 {main}
"} 
[2024-10-31 17:19:21] local.ERROR: require(C:\Midterm Lab Exam\Front-End-Midterm-Lab-Exam\routes/api.php): Failed to open stream: No such file or directory {"exception":"[object] (ErrorException(code: 0): require(C:\\Midterm Lab Exam\\Front-End-Midterm-Lab-Exam\\routes/api.php): Failed to open stream: No such file or directory at C:\\Midterm Lab Exam\\Front-End-Midterm-Lab-Exam\\vendor\\laravel\\framework\\src\\Illuminate\\Routing\\RouteFileRegistrar.php:35)
[stacktrace]
#0 C:\\Midterm Lab Exam\\Front-End-Midterm-Lab-Exam\\vendor\\laravel\\framework\\src\\Illuminate\\Foundation\\Bootstrap\\HandleExceptions.php(270): Illuminate\\Foundation\\Bootstrap\\HandleExceptions->handleError()
#1 C:\\Midterm Lab Exam\\Front-End-Midterm-Lab-Exam\\vendor\\laravel\\framework\\src\\Illuminate\\Routing\\RouteFileRegistrar.php(35): Illuminate\\Foundation\\Bootstrap\\HandleExceptions->Illuminate\\Foundation\\Bootstrap\\{closure}()
#2 C:\\Midterm Lab Exam\\Front-End-Midterm-Lab-Exam\\vendor\\laravel\\framework\\src\\Illuminate\\Routing\\RouteFileRegistrar.php(35): require('...')
#3 C:\\Midterm Lab Exam\\Front-End-Midterm-Lab-Exam\\vendor\\laravel\\framework\\src\\Illuminate\\Routing\\Router.php(503): Illuminate\\Routing\\RouteFileRegistrar->register()
#4 C:\\Midterm Lab Exam\\Front-End-Midterm-Lab-Exam\\vendor\\laravel\\framework\\src\\Illuminate\\Routing\\Router.php(457): Illuminate\\Routing\\Router->loadRoutes()
#5 C:\\Midterm Lab Exam\\Front-End-Midterm-Lab-Exam\\vendor\\laravel\\framework\\src\\Illuminate\\Routing\\RouteRegistrar.php(192): Illuminate\\Routing\\Router->group()
#6 C:\\Midterm Lab Exam\\Front-End-Midterm-Lab-Exam\\app\\Providers\\RouteServiceProvider.php(34): Illuminate\\Routing\\RouteRegistrar->group()
#7 C:\\Midterm Lab Exam\\Front-End-Midterm-Lab-Exam\\vendor\\laravel\\framework\\src\\Illuminate\\Container\\BoundMethod.php(36): App\\Providers\\RouteServiceProvider->App\\Providers\\{closure}()
#8 C:\\Midterm Lab Exam\\Front-End-Midterm-Lab-Exam\\vendor\\laravel\\framework\\src\\Illuminate\\Container\\Util.php(41): Illuminate\\Container\\BoundMethod::Illuminate\\Container\\{closure}()
#9 C:\\Midterm Lab Exam\\Front-End-Midterm-Lab-Exam\\vendor\\laravel\\framework\\src\\Illuminate\\Container\\BoundMethod.php(81): Illuminate\\Container\\Util::unwrapIfClosure()
#10 C:\\Midterm Lab Exam\\Front-End-Midterm-Lab-Exam\\vendor\\laravel\\framework\\src\\Illuminate\\Container\\BoundMethod.php(35): Illuminate\\Container\\BoundMethod::callBoundMethod()
#11 C:\\Midterm Lab Exam\\Front-End-Midterm-Lab-Exam\\vendor\\laravel\\framework\\src\\Illuminate\\Container\\Container.php(661): Illuminate\\Container\\BoundMethod::call()
#12 C:\\Midterm Lab Exam\\Front-End-Midterm-Lab-Exam\\vendor\\laravel\\framework\\src\\Illuminate\\Foundation\\Support\\Providers\\RouteServiceProvider.php(120): Illuminate\\Container\\Container->call()
#13 C:\\Midterm Lab Exam\\Front-End-Midterm-Lab-Exam\\vendor\\laravel\\framework\\src\\Illuminate\\Foundation\\Support\\Providers\\RouteServiceProvider.php(45): Illuminate\\Foundation\\Support\\Providers\\RouteServiceProvider->loadRoutes()
#14 C:\\Midterm Lab Exam\\Front-End-Midterm-Lab-Exam\\vendor\\laravel\\framework\\src\\Illuminate\\Container\\BoundMethod.php(36): Illuminate\\Foundation\\Support\\Providers\\RouteServiceProvider->Illuminate\\Foundation\\Support\\Providers\\{closure}()
#15 C:\\Midterm Lab Exam\\Front-End-Midterm-Lab-Exam\\vendor\\laravel\\framework\\src\\Illuminate\\Container\\Util.php(41): Illuminate\\Container\\BoundMethod::Illuminate\\Container\\{closure}()
#16 C:\\Midterm Lab Exam\\Front-End-Midterm-Lab-Exam\\vendor\\laravel\\framework\\src\\Illuminate\\Container\\BoundMethod.php(81): Illuminate\\Container\\Util::unwrapIfClosure()
#17 C:\\Midterm Lab Exam\\Front-End-Midterm-Lab-Exam\\vendor\\laravel\\framework\\src\\Illuminate\\Container\\BoundMethod.php(35): Illuminate\\Container\\BoundMethod::callBoundMethod()
#18 C:\\Midterm Lab Exam\\Front-End-Midterm-Lab-Exam\\vendor\\laravel\\framework\\src\\Illuminate\\Container\\Container.php(661): Illuminate\\Container\\BoundMethod::call()
#19 C:\\Midterm Lab Exam\\Front-End-Midterm-Lab-Exam\\vendor\\laravel\\framework\\src\\Illuminate\\Support\\ServiceProvider.php(119): Illuminate\\Container\\Container->call()
#20 C:\\Midterm Lab Exam\\Front-End-Midterm-Lab-Exam\\vendor\\laravel\\framework\\src\\Illuminate\\Foundation\\Application.php(932): Illuminate\\Support\\ServiceProvider->callBootedCallbacks()
#21 C:\\Midterm Lab Exam\\Front-End-Midterm-Lab-Exam\\vendor\\laravel\\framework\\src\\Illuminate\\Foundation\\Application.php(910): Illuminate\\Foundation\\Application->bootProvider()
#22 [internal function]: Illuminate\\Foundation\\Application->Illuminate\\Foundation\\{closure}()
#23 C:\\Midterm Lab Exam\\Front-End-Midterm-Lab-Exam\\vendor\\laravel\\framework\\src\\Illuminate\\Foundation\\Application.php(909): array_walk()
#24 C:\\Midterm Lab Exam\\Front-End-Midterm-Lab-Exam\\vendor\\laravel\\framework\\src\\Illuminate\\Foundation\\Bootstrap\\BootProviders.php(17): Illuminate\\Foundation\\Application->boot()
#25 C:\\Midterm Lab Exam\\Front-End-Midterm-Lab-Exam\\vendor\\laravel\\framework\\src\\Illuminate\\Foundation\\Application.php(242): Illuminate\\Foundation\\Bootstrap\\BootProviders->bootstrap()
#26 C:\\Midterm Lab Exam\\Front-End-Midterm-Lab-Exam\\vendor\\laravel\\framework\\src\\Illuminate\\Foundation\\Console\\Kernel.php(383): Illuminate\\Foundation\\Application->bootstrapWith()
#27 C:\\Midterm Lab Exam\\Front-End-Midterm-Lab-Exam\\vendor\\laravel\\framework\\src\\Illuminate\\Foundation\\Console\\Kernel.php(153): Illuminate\\Foundation\\Console\\Kernel->bootstrap()
#28 Command line code(1): Illuminate\\Foundation\\Console\\Kernel->handle()
#29 {main}
"} 
